# JRE version: OpenJDK Runtime Environment Temurin-17.0.2+8 (17.0.2+8) (build 17.0.2+8)
# Java VM: OpenJDK 64-Bit Server VM Temurin-17.0.2+8 (17.0.2+8, mixed mode, tiered, compressed oops, compressed class ptrs, parallel gc, linux-amd64)
GC Precious Log:
 CPUs: 8 total, 8 available
 Memory: 5930M
 Large Page Support: Disabled
 NUMA Support: Disabled
 Compressed Oops: Enabled (32-bit)
 Alignments: Space 512K, Generation 512K, Heap 2M
 Heap Min Capacity: 100M
 Heap Initial Capacity: 100M
 Heap Max Capacity: 1G
 Pre-touch: Disabled
 Parallel Workers: 8
Heap:
 PSYoungGen      total 50176K, used 50036K [0x00000000eab00000, 0x00000000ef380000, 0x0000000100000000)
  eden space 48128K, 99% used [0x00000000eab00000,0x00000000ed9ff4f0,0x00000000eda00000)
  from space 2048K, 93% used [0x00000000ef100000,0x00000000ef2dde50,0x00000000ef300000)
  to   space 512K, 99% used [0x00000000ef300000,0x00000000ef37ef20,0x00000000ef380000)
 ParOldGen       total 406016K, used 400363K [0x00000000c0000000, 0x00000000d8c80000, 0x00000000eab00000)
  object space 406016K, 98% used [0x00000000c0000000,0x00000000d86facb0,0x00000000d8c80000)
 Metaspace       used 72078K, committed 72896K, reserved 1122304K
  class space    used 7621K, committed 8000K, reserved 1048576K
GC Heap History (20 events):
Event: 20575,905 GC heap after
{Heap after GC invocations=124 (full 10):
 PSYoungGen      total 64000K, used 6233K [0x00000000eab00000, 0x00000000f0100000, 0x0000000100000000)
  eden space 57344K, 0% used [0x00000000eab00000,0x00000000eab00000,0x00000000ee300000)
  from space 6656K, 93% used [0x00000000efa80000,0x00000000f0096710,0x00000000f0100000)
  to   space 6656K, 0% used [0x00000000ef400000,0x00000000ef400000,0x00000000efa80000)
 ParOldGen       total 406016K, used 390578K [0x00000000c0000000, 0x00000000d8c80000, 0x00000000eab00000)
  object space 406016K, 96% used [0x00000000c0000000,0x00000000d7d6ca78,0x00000000d8c80000)
 Metaspace       used 71617K, committed 72448K, reserved 1114112K
  class space    used 7618K, committed 8000K, reserved 1048576K
}
Event: 20579,586 GC heap before
{Heap before GC invocations=125 (full 10):
 PSYoungGen      total 64000K, used 63577K [0x00000000eab00000, 0x00000000f0100000, 0x0000000100000000)
  eden space 57344K, 100% used [0x00000000eab00000,0x00000000ee300000,0x00000000ee300000)
  from space 6656K, 93% used [0x00000000efa80000,0x00000000f0096710,0x00000000f0100000)
  to   space 6656K, 0% used [0x00000000ef400000,0x00000000ef400000,0x00000000efa80000)
 ParOldGen       total 406016K, used 390578K [0x00000000c0000000, 0x00000000d8c80000, 0x00000000eab00000)
  object space 406016K, 96% used [0x00000000c0000000,0x00000000d7d6ca78,0x00000000d8c80000)
 Metaspace       used 71647K, committed 72512K, reserved 1114112K
  class space    used 7618K, committed 8000K, reserved 1048576K
}
Event: 20579,594 GC heap after
{Heap after GC invocations=125 (full 10):
 PSYoungGen      total 61952K, used 5189K [0x00000000eab00000, 0x00000000efb00000, 0x0000000100000000)
  eden space 56320K, 0% used [0x00000000eab00000,0x00000000eab00000,0x00000000ee200000)
  from space 5632K, 92% used [0x00000000ef400000,0x00000000ef911640,0x00000000ef980000)
  to   space 1536K, 0% used [0x00000000ef980000,0x00000000ef980000,0x00000000efb00000)
 ParOldGen       total 406016K, used 390586K [0x00000000c0000000, 0x00000000d8c80000, 0x00000000eab00000)
  object space 406016K, 96% used [0x00000000c0000000,0x00000000d7d6ea78,0x00000000d8c80000)
 Metaspace       used 71647K, committed 72512K, reserved 1114112K
  class space    used 7618K, committed 8000K, reserved 1048576K
}
Event: 20584,017 GC heap before
{Heap before GC invocations=126 (full 10):
 PSYoungGen      total 61952K, used 61509K [0x00000000eab00000, 0x00000000efb00000, 0x0000000100000000)
  eden space 56320K, 100% used [0x00000000eab00000,0x00000000ee200000,0x00000000ee200000)
  from space 5632K, 92% used [0x00000000ef400000,0x00000000ef911640,0x00000000ef980000)
  to   space 1536K, 0% used [0x00000000ef980000,0x00000000ef980000,0x00000000efb00000)
 ParOldGen       total 406016K, used 390586K [0x00000000c0000000, 0x00000000d8c80000, 0x00000000eab00000)
  object space 406016K, 96% used [0x00000000c0000000,0x00000000d7d6ea78,0x00000000d8c80000)
 Metaspace       used 71700K, committed 72576K, reserved 1114112K
  class space    used 7618K, committed 8000K, reserved 1048576K
}
Event: 20584,023 GC heap after
{Heap after GC invocations=126 (full 10):
 PSYoungGen      total 56832K, used 1535K [0x00000000eab00000, 0x00000000efb00000, 0x0000000100000000)
  eden space 55296K, 0% used [0x00000000eab00000,0x00000000eab00000,0x00000000ee100000)
  from space 1536K, 99% used [0x00000000ef980000,0x00000000efaffc20,0x00000000efb00000)
  to   space 6656K, 0% used [0x00000000eee00000,0x00000000eee00000,0x00000000ef480000)
 ParOldGen       total 406016K, used 395207K [0x00000000c0000000, 0x00000000d8c80000, 0x00000000eab00000)
  object space 406016K, 97% used [0x00000000c0000000,0x00000000d81f1ea0,0x00000000d8c80000)
 Metaspace       used 71700K, committed 72576K, reserved 1114112K
  class space    used 7618K, committed 8000K, reserved 1048576K
}
Event: 20585,468 GC heap before
{Heap before GC invocations=127 (full 10):
 PSYoungGen      total 56832K, used 56831K [0x00000000eab00000, 0x00000000efb00000, 0x0000000100000000)
  eden space 55296K, 100% used [0x00000000eab00000,0x00000000ee100000,0x00000000ee100000)
  from space 1536K, 99% used [0x00000000ef980000,0x00000000efaffc20,0x00000000efb00000)
  to   space 6656K, 0% used [0x00000000eee00000,0x00000000eee00000,0x00000000ef480000)
 ParOldGen       total 406016K, used 395207K [0x00000000c0000000, 0x00000000d8c80000, 0x00000000eab00000)
  object space 406016K, 97% used [0x00000000c0000000,0x00000000d81f1ea0,0x00000000d8c80000)
 Metaspace       used 71771K, committed 72640K, reserved 1114112K
  class space    used 7620K, committed 8000K, reserved 1048576K
}
Event: 20585,475 GC heap after
{Heap after GC invocations=127 (full 10):
 PSYoungGen      total 60928K, used 3514K [0x00000000eab00000, 0x00000000efa00000, 0x0000000100000000)
  eden space 54272K, 0% used [0x00000000eab00000,0x00000000eab00000,0x00000000ee000000)
  from space 6656K, 52% used [0x00000000eee00000,0x00000000ef16eaf0,0x00000000ef480000)
  to   space 4608K, 0% used [0x00000000ef580000,0x00000000ef580000,0x00000000efa00000)
 ParOldGen       total 406016K, used 396769K [0x00000000c0000000, 0x00000000d8c80000, 0x00000000eab00000)
  object space 406016K, 97% used [0x00000000c0000000,0x00000000d8378438,0x00000000d8c80000)
 Metaspace       used 71771K, committed 72640K, reserved 1114112K
  class space    used 7620K, committed 8000K, reserved 1048576K
}
Event: 20586,279 GC heap before
{Heap before GC invocations=128 (full 10):
 PSYoungGen      total 60928K, used 57786K [0x00000000eab00000, 0x00000000efa00000, 0x0000000100000000)
  eden space 54272K, 100% used [0x00000000eab00000,0x00000000ee000000,0x00000000ee000000)
  from space 6656K, 52% used [0x00000000eee00000,0x00000000ef16eaf0,0x00000000ef480000)
  to   space 4608K, 0% used [0x00000000ef580000,0x00000000ef580000,0x00000000efa00000)
 ParOldGen       total 406016K, used 396769K [0x00000000c0000000, 0x00000000d8c80000, 0x00000000eab00000)
  object space 406016K, 97% used [0x00000000c0000000,0x00000000d8378438,0x00000000d8c80000)
 Metaspace       used 71798K, committed 72704K, reserved 1114112K
  class space    used 7621K, committed 8000K, reserved 1048576K
}
Event: 20586,284 GC heap after
{Heap after GC invocations=128 (full 10):
 PSYoungGen      total 57344K, used 3971K [0x00000000eab00000, 0x00000000ef980000, 0x0000000100000000)
  eden space 53248K, 0% used [0x00000000eab00000,0x00000000eab00000,0x00000000edf00000)
  from space 4096K, 96% used [0x00000000ef580000,0x00000000ef960d20,0x00000000ef980000)
  to   space 4096K, 0% used [0x00000000ef180000,0x00000000ef180000,0x00000000ef580000)
 ParOldGen       total 406016K, used 396777K [0x00000000c0000000, 0x00000000d8c80000, 0x00000000eab00000)
  object space 406016K, 97% used [0x00000000c0000000,0x00000000d837a438,0x00000000d8c80000)
 Metaspace       used 71798K, committed 72704K, reserved 1114112K
  class space    used 7621K, committed 8000K, reserved 1048576K
}
Event: 20587,074 GC heap before
{Heap before GC invocations=129 (full 10):
 PSYoungGen      total 57344K, used 57219K [0x00000000eab00000, 0x00000000ef980000, 0x0000000100000000)
  eden space 53248K, 100% used [0x00000000eab00000,0x00000000edf00000,0x00000000edf00000)
  from space 4096K, 96% used [0x00000000ef580000,0x00000000ef960d20,0x00000000ef980000)
  to   space 4096K, 0% used [0x00000000ef180000,0x00000000ef180000,0x00000000ef580000)
 ParOldGen       total 406016K, used 396777K [0x00000000c0000000, 0x00000000d8c80000, 0x00000000eab00000)
  object space 406016K, 97% used [0x00000000c0000000,0x00000000d837a438,0x00000000d8c80000)
 Metaspace       used 71830K, committed 72704K, reserved 1114112K
  class space    used 7621K, committed 8000K, reserved 1048576K
}
Event: 20587,081 GC heap after
{Heap after GC invocations=129 (full 10):
 PSYoungGen      total 56320K, used 4003K [0x00000000eab00000, 0x00000000ef600000, 0x0000000100000000)
  eden space 52224K, 0% used [0x00000000eab00000,0x00000000eab00000,0x00000000ede00000)
  from space 4096K, 97% used [0x00000000ef180000,0x00000000ef568d20,0x00000000ef580000)
  to   space 512K, 0% used [0x00000000ef580000,0x00000000ef580000,0x00000000ef600000)
 ParOldGen       total 406016K, used 396777K [0x00000000c0000000, 0x00000000d8c80000, 0x00000000eab00000)
  object space 406016K, 97% used [0x00000000c0000000,0x00000000d837a438,0x00000000d8c80000)
 Metaspace       used 71830K, committed 72704K, reserved 1114112K
  class space    used 7621K, committed 8000K, reserved 1048576K
}
Event: 20591,820 GC heap before
{Heap before GC invocations=130 (full 10):
 PSYoungGen      total 56320K, used 56227K [0x00000000eab00000, 0x00000000ef600000, 0x0000000100000000)
  eden space 52224K, 100% used [0x00000000eab00000,0x00000000ede00000,0x00000000ede00000)
  from space 4096K, 97% used [0x00000000ef180000,0x00000000ef568d20,0x00000000ef580000)
  to   space 512K, 0% used [0x00000000ef580000,0x00000000ef580000,0x00000000ef600000)
 ParOldGen       total 406016K, used 396777K [0x00000000c0000000, 0x00000000d8c80000, 0x00000000eab00000)
  object space 406016K, 97% used [0x00000000c0000000,0x00000000d837a438,0x00000000d8c80000)
 Metaspace       used 71886K, committed 72768K, reserved 1114112K
  class space    used 7621K, committed 8000K, reserved 1048576K
}
Event: 20591,827 GC heap after
{Heap after GC invocations=130 (full 10):
 PSYoungGen      total 51712K, used 507K [0x00000000eab00000, 0x00000000ef600000, 0x0000000100000000)
  eden space 51200K, 0% used [0x00000000eab00000,0x00000000eab00000,0x00000000edd00000)
  from space 512K, 99% used [0x00000000ef580000,0x00000000ef5fef30,0x00000000ef600000)
  to   space 4096K, 0% used [0x00000000eee00000,0x00000000eee00000,0x00000000ef200000)
 ParOldGen       total 406016K, used 400183K [0x00000000c0000000, 0x00000000d8c80000, 0x00000000eab00000)
  object space 406016K, 98% used [0x00000000c0000000,0x00000000d86cdd80,0x00000000d8c80000)
 Metaspace       used 71886K, committed 72768K, reserved 1114112K
  class space    used 7621K, committed 8000K, reserved 1048576K
}
Event: 20596,728 GC heap before
{Heap before GC invocations=131 (full 10):
 PSYoungGen      total 51712K, used 51707K [0x00000000eab00000, 0x00000000ef600000, 0x0000000100000000)
  eden space 51200K, 100% used [0x00000000eab00000,0x00000000edd00000,0x00000000edd00000)
  from space 512K, 99% used [0x00000000ef580000,0x00000000ef5fef30,0x00000000ef600000)
  to   space 4096K, 0% used [0x00000000eee00000,0x00000000eee00000,0x00000000ef200000)
 ParOldGen       total 406016K, used 400183K [0x00000000c0000000, 0x00000000d8c80000, 0x00000000eab00000)
  object space 406016K, 98% used [0x00000000c0000000,0x00000000d86cdd80,0x00000000d8c80000)
 Metaspace       used 71937K, committed 72832K, reserved 1122304K
  class space    used 7621K, committed 8000K, reserved 1048576K
}
Event: 20596,734 GC heap after
{Heap after GC invocations=131 (full 10):
 PSYoungGen      total 54272K, used 1903K [0x00000000eab00000, 0x00000000ef600000, 0x0000000100000000)
  eden space 50176K, 0% used [0x00000000eab00000,0x00000000eab00000,0x00000000edc00000)
  from space 4096K, 46% used [0x00000000eee00000,0x00000000eefdbc20,0x00000000ef200000)
  to   space 3072K, 0% used [0x00000000ef300000,0x00000000ef300000,0x00000000ef600000)
 ParOldGen       total 406016K, used 400215K [0x00000000c0000000, 0x00000000d8c80000, 0x00000000eab00000)
  object space 406016K, 98% used [0x00000000c0000000,0x00000000d86d5d80,0x00000000d8c80000)
 Metaspace       used 71937K, committed 72832K, reserved 1122304K
  class space    used 7621K, committed 8000K, reserved 1048576K
}
Event: 20598,741 GC heap before
{Heap before GC invocations=132 (full 10):
 PSYoungGen      total 54272K, used 52079K [0x00000000eab00000, 0x00000000ef600000, 0x0000000100000000)
  eden space 50176K, 100% used [0x00000000eab00000,0x00000000edc00000,0x00000000edc00000)
  from space 4096K, 46% used [0x00000000eee00000,0x00000000eefdbc20,0x00000000ef200000)
  to   space 3072K, 0% used [0x00000000ef300000,0x00000000ef300000,0x00000000ef600000)
 ParOldGen       total 406016K, used 400215K [0x00000000c0000000, 0x00000000d8c80000, 0x00000000eab00000)
  object space 406016K, 98% used [0x00000000c0000000,0x00000000d86d5d80,0x00000000d8c80000)
 Metaspace       used 72011K, committed 72896K, reserved 1122304K
  class space    used 7621K, committed 8000K, reserved 1048576K
}
Event: 20598,746 GC heap after
{Heap after GC invocations=132 (full 10):
 PSYoungGen      total 51200K, used 1747K [0x00000000eab00000, 0x00000000ef500000, 0x0000000100000000)
  eden space 49152K, 0% used [0x00000000eab00000,0x00000000eab00000,0x00000000edb00000)
  from space 2048K, 85% used [0x00000000ef300000,0x00000000ef4b4d70,0x00000000ef500000)
  to   space 2048K, 0% used [0x00000000ef100000,0x00000000ef100000,0x00000000ef300000)
 ParOldGen       total 406016K, used 400223K [0x00000000c0000000, 0x00000000d8c80000, 0x00000000eab00000)
  object space 406016K, 98% used [0x00000000c0000000,0x00000000d86d7d80,0x00000000d8c80000)
 Metaspace       used 72011K, committed 72896K, reserved 1122304K
  class space    used 7621K, committed 8000K, reserved 1048576K
}
Event: 20911,791 GC heap before
{Heap before GC invocations=133 (full 10):
 PSYoungGen      total 51200K, used 50899K [0x00000000eab00000, 0x00000000ef500000, 0x0000000100000000)
  eden space 49152K, 100% used [0x00000000eab00000,0x00000000edb00000,0x00000000edb00000)
  from space 2048K, 85% used [0x00000000ef300000,0x00000000ef4b4d70,0x00000000ef500000)
  to   space 2048K, 0% used [0x00000000ef100000,0x00000000ef100000,0x00000000ef300000)
 ParOldGen       total 406016K, used 400223K [0x00000000c0000000, 0x00000000d8c80000, 0x00000000eab00000)
  object space 406016K, 98% used [0x00000000c0000000,0x00000000d86d7d80,0x00000000d8c80000)
 Metaspace       used 72056K, committed 72896K, reserved 1122304K
  class space    used 7621K, committed 8000K, reserved 1048576K
}
Event: 20911,798 GC heap after
{Heap after GC invocations=133 (full 10):
 PSYoungGen      total 50176K, used 1911K [0x00000000eab00000, 0x00000000ef380000, 0x0000000100000000)
  eden space 48128K, 0% used [0x00000000eab00000,0x00000000eab00000,0x00000000eda00000)
  from space 2048K, 93% used [0x00000000ef100000,0x00000000ef2dde50,0x00000000ef300000)
  to   space 512K, 0% used [0x00000000ef300000,0x00000000ef300000,0x00000000ef380000)
 ParOldGen       total 406016K, used 400223K [0x00000000c0000000, 0x00000000d8c80000, 0x00000000eab00000)
  object space 406016K, 98% used [0x00000000c0000000,0x00000000d86d7d80,0x00000000d8c80000)
 Metaspace       used 72056K, committed 72896K, reserved 1122304K
  class space    used 7621K, committed 8000K, reserved 1048576K
}
Event: 32108,590 GC heap before
{Heap before GC invocations=134 (full 10):
 PSYoungGen      total 50176K, used 50036K [0x00000000eab00000, 0x00000000ef380000, 0x0000000100000000)
  eden space 48128K, 99% used [0x00000000eab00000,0x00000000ed9ff4f0,0x00000000eda00000)
  from space 2048K, 93% used [0x00000000ef100000,0x00000000ef2dde50,0x00000000ef300000)
  to   space 512K, 0% used [0x00000000ef300000,0x00000000ef300000,0x00000000ef380000)
 ParOldGen       total 406016K, used 400223K [0x00000000c0000000, 0x00000000d8c80000, 0x00000000eab00000)
  object space 406016K, 98% used [0x00000000c0000000,0x00000000d86d7d80,0x00000000d8c80000)
 Metaspace       used 72078K, committed 72896K, reserved 1122304K
  class space    used 7621K, committed 8000K, reserved 1048576K
}

